<?xml version="1.0" encoding="UTF-8"?>
<!-- Generated by org.testng.reporters.JUnitXMLReporter -->
<testsuite ignored="0" hostname="RAGOHEL-ETAYZ" failures="0" tests="6" name="CRM Test cases" time="122.952" errors="0" timestamp="15 Sep 2019 22:25:12 GMT">
  <testcase classname="com.crm.qa.testcases.LoginTestPage" name="loginPageTitleTest" time="0.022"/>
  <testcase classname="com.crm.qa.testcases.HomePageTest" name="verifyHomePageTitleTest" time="0.01"/>
  <testcase classname="com.crm.qa.testcases.ContactsPageTest" name="verifyContactsPageLabelTest" time="0.178"/>
  <testcase classname="com.crm.qa.testcases.LoginTestPage" name="crmLogoImageTest" time="0.09"/>
  <testcase classname="com.crm.qa.testcases.HomePageTest" name="verifyCorrectUsernameTest" time="0.123"/>
  <testcase classname="com.crm.qa.testcases.LoginTestPage" name="loginTest" time="13.077"/>
</testsuite> <!-- CRM Test cases -->
